# TT,C0,beta,ETF,FC,FRAC,K2
1.889854591669251516e+00,3.041911503536562478e+00,2.398795685104653241e+00,1.861861733378993300e-01,8.972807257244679704e+02,3.477952123898320758e-01,2.073799864816798857e-02
1.889854591669251516e+00,3.041911503536562478e+00,2.398795685104653241e+00,1.861861733378993300e-01,8.972807257244679704e+02,3.477952123898320758e-01,2.073799864816798857e-02
1.889854591669251516e+00,3.041911503536562478e+00,2.398795685104653241e+00,1.861861733378993300e-01,8.972807257244679704e+02,3.477952123898320758e-01,2.073799864816798857e-02
1.889854591669251516e+00,3.041911503536562478e+00,2.398795685104653241e+00,1.861861733378993300e-01,8.972807257244679704e+02,3.477952123898320758e-01,2.073799864816798857e-02
1.889854591669251516e+00,3.041911503536562478e+00,2.398795685104653241e+00,1.861861733378993300e-01,8.972807257244679704e+02,3.477952123898320758e-01,2.073799864816798857e-02
1.889854591669251516e+00,3.041911503536562478e+00,2.398795685104653241e+00,1.861861733378993300e-01,8.972807257244679704e+02,3.477952123898320758e-01,2.073799864816798857e-02
1.889854591669251516e+00,3.041911503536562478e+00,2.398795685104653241e+00,1.861861733378993300e-01,8.972807257244679704e+02,3.477952123898320758e-01,2.073799864816798857e-02
1.889854591669251516e+00,3.041911503536562478e+00,2.398795685104653241e+00,1.861861733378993300e-01,8.972807257244679704e+02,3.477952123898320758e-01,2.073799864816798857e-02
1.889854591669251516e+00,3.041911503536562478e+00,2.398795685104653241e+00,1.861861733378993300e-01,8.972807257244679704e+02,3.477952123898320758e-01,2.073799864816798857e-02
1.889854591669251516e+00,3.041911503536562478e+00,2.398795685104653241e+00,1.861861733378993300e-01,8.972807257244679704e+02,3.477952123898320758e-01,2.073799864816798857e-02
1.889854591669251516e+00,3.041911503536562478e+00,2.398795685104653241e+00,1.861861733378993300e-01,8.972807257244679704e+02,3.477952123898320758e-01,2.073799864816798857e-02
1.889854591669251516e+00,3.041911503536562478e+00,2.398795685104653241e+00,1.861861733378993300e-01,8.972807257244679704e+02,3.477952123898320758e-01,2.073799864816798857e-02
1.889854591669251516e+00,3.041911503536562478e+00,2.398795685104653241e+00,1.861861733378993300e-01,8.972807257244679704e+02,3.477952123898320758e-01,2.073799864816798857e-02
1.889854591669251516e+00,3.041911503536562478e+00,2.398795685104653241e+00,1.861861733378993300e-01,8.972807257244679704e+02,3.477952123898320758e-01,2.073799864816798857e-02
1.889854591669251516e+00,3.041911503536562478e+00,2.398795685104653241e+00,1.861861733378993300e-01,8.972807257244679704e+02,3.477952123898320758e-01,2.073799864816798857e-02
1.889854591669251516e+00,3.041911503536562478e+00,2.398795685104653241e+00,1.861861733378993300e-01,8.972807257244679704e+02,3.477952123898320758e-01,2.073799864816798857e-02
1.889854591669251516e+00,3.041911503536562478e+00,2.398795685104653241e+00,1.861861733378993300e-01,8.972807257244679704e+02,3.477952123898320758e-01,2.073799864816798857e-02
1.889854591669251516e+00,3.041911503536562478e+00,2.398795685104653241e+00,1.861861733378993300e-01,8.972807257244679704e+02,3.477952123898320758e-01,2.073799864816798857e-02
1.889854591669251516e+00,3.041911503536562478e+00,2.398795685104653241e+00,1.861861733378993300e-01,8.972807257244679704e+02,3.477952123898320758e-01,2.073799864816798857e-02
1.889854591669251516e+00,3.041911503536562478e+00,2.398795685104653241e+00,1.861861733378993300e-01,8.972807257244679704e+02,3.477952123898320758e-01,2.073799864816798857e-02
-2.854706290003038660e+00,2.904959180430427779e+00,3.792873693912041766e+00,4.992907271769700950e-01,5.460255308495808322e+02,2.997188574478296119e-01,4.904813790353653585e-02
-2.854706290003038660e+00,2.904959180430427779e+00,3.792873693912041766e+00,4.992907271769700950e-01,5.460255308495808322e+02,2.997188574478296119e-01,4.904813790353653585e-02
-2.854706290003038660e+00,2.904959180430427779e+00,3.792873693912041766e+00,4.992907271769700950e-01,5.460255308495808322e+02,2.997188574478296119e-01,4.904813790353653585e-02
-2.854706290003038660e+00,2.904959180430427779e+00,3.792873693912041766e+00,4.992907271769700950e-01,5.460255308495808322e+02,2.997188574478296119e-01,4.904813790353653585e-02
-2.854706290003038660e+00,2.904959180430427779e+00,3.792873693912041766e+00,4.992907271769700950e-01,5.460255308495808322e+02,2.997188574478296119e-01,4.904813790353653585e-02
-2.854706290003038660e+00,2.904959180430427779e+00,3.792873693912041766e+00,4.992907271769700950e-01,5.460255308495808322e+02,2.997188574478296119e-01,4.904813790353653585e-02
-2.854706290003038660e+00,2.904959180430427779e+00,3.792873693912041766e+00,4.992907271769700950e-01,5.460255308495808322e+02,2.997188574478296119e-01,4.904813790353653585e-02
-2.854706290003038660e+00,2.904959180430427779e+00,3.792873693912041766e+00,4.992907271769700950e-01,5.460255308495808322e+02,2.997188574478296119e-01,4.904813790353653585e-02
-2.854706290003038660e+00,2.904959180430427779e+00,3.792873693912041766e+00,4.992907271769700950e-01,5.460255308495808322e+02,2.997188574478296119e-01,4.904813790353653585e-02
-2.854706290003038660e+00,2.904959180430427779e+00,3.792873693912041766e+00,4.992907271769700950e-01,5.460255308495808322e+02,2.997188574478296119e-01,4.904813790353653585e-02
-2.854706290003038660e+00,2.904959180430427779e+00,3.792873693912041766e+00,4.992907271769700950e-01,5.460255308495808322e+02,2.997188574478296119e-01,4.904813790353653585e-02
-2.854706290003038660e+00,2.904959180430427779e+00,3.792873693912041766e+00,4.992907271769700950e-01,5.460255308495808322e+02,2.997188574478296119e-01,4.904813790353653585e-02
-2.854706290003038660e+00,2.904959180430427779e+00,3.792873693912041766e+00,4.992907271769700950e-01,5.460255308495808322e+02,2.997188574478296119e-01,4.904813790353653585e-02
-2.854706290003038660e+00,2.904959180430427779e+00,3.792873693912041766e+00,4.992907271769700950e-01,5.460255308495808322e+02,2.997188574478296119e-01,4.904813790353653585e-02
-2.854706290003038660e+00,2.904959180430427779e+00,3.792873693912041766e+00,4.992907271769700950e-01,5.460255308495808322e+02,2.997188574478296119e-01,4.904813790353653585e-02
-2.854706290003038660e+00,2.904959180430427779e+00,3.792873693912041766e+00,4.992907271769700950e-01,5.460255308495808322e+02,2.997188574478296119e-01,4.904813790353653585e-02
-2.854706290003038660e+00,2.904959180430427779e+00,3.792873693912041766e+00,4.992907271769700950e-01,5.460255308495808322e+02,2.997188574478296119e-01,4.904813790353653585e-02
-2.854706290003038660e+00,2.904959180430427779e+00,3.792873693912041766e+00,4.992907271769700950e-01,5.460255308495808322e+02,2.997188574478296119e-01,4.904813790353653585e-02
-2.854706290003038660e+00,2.904959180430427779e+00,3.792873693912041766e+00,4.992907271769700950e-01,5.460255308495808322e+02,2.997188574478296119e-01,4.904813790353653585e-02
-2.854706290003038660e+00,2.904959180430427779e+00,3.792873693912041766e+00,4.992907271769700950e-01,5.460255308495808322e+02,2.997188574478296119e-01,4.904813790353653585e-02
-3.121364932707329398e+00,3.727839839667665522e+00,3.281892522171601101e+00,5.593478557061263290e-01,5.024830538575986907e+02,1.081333826721195546e-01,6.341339411599103415e-02
-3.121364932707329398e+00,3.727839839667665522e+00,3.281892522171601101e+00,5.593478557061263290e-01,5.024830538575986907e+02,1.081333826721195546e-01,6.341339411599103415e-02
-3.121364932707329398e+00,3.727839839667665522e+00,3.281892522171601101e+00,5.593478557061263290e-01,5.024830538575986907e+02,1.081333826721195546e-01,6.341339411599103415e-02
-3.121364932707329398e+00,3.727839839667665522e+00,3.281892522171601101e+00,5.593478557061263290e-01,5.024830538575986907e+02,1.081333826721195546e-01,6.341339411599103415e-02
-3.121364932707329398e+00,3.727839839667665522e+00,3.281892522171601101e+00,5.593478557061263290e-01,5.024830538575986907e+02,1.081333826721195546e-01,6.341339411599103415e-02
-3.121364932707329398e+00,3.727839839667665522e+00,3.281892522171601101e+00,5.593478557061263290e-01,5.024830538575986907e+02,1.081333826721195546e-01,6.341339411599103415e-02
-3.121364932707329398e+00,3.727839839667665522e+00,3.281892522171601101e+00,5.593478557061263290e-01,5.024830538575986907e+02,1.081333826721195546e-01,6.341339411599103415e-02
-3.121364932707329398e+00,3.727839839667665522e+00,3.281892522171601101e+00,5.593478557061263290e-01,5.024830538575986907e+02,1.081333826721195546e-01,6.341339411599103415e-02
-3.121364932707329398e+00,3.727839839667665522e+00,3.281892522171601101e+00,5.593478557061263290e-01,5.024830538575986907e+02,1.081333826721195546e-01,6.341339411599103415e-02
-3.121364932707329398e+00,3.727839839667665522e+00,3.281892522171601101e+00,5.593478557061263290e-01,5.024830538575986907e+02,1.081333826721195546e-01,6.341339411599103415e-02
-3.121364932707329398e+00,3.727839839667665522e+00,3.281892522171601101e+00,5.593478557061263290e-01,5.024830538575986907e+02,1.081333826721195546e-01,6.341339411599103415e-02
-3.121364932707329398e+00,3.727839839667665522e+00,3.281892522171601101e+00,5.593478557061263290e-01,5.024830538575986907e+02,1.081333826721195546e-01,6.341339411599103415e-02
-3.121364932707329398e+00,3.727839839667665522e+00,3.281892522171601101e+00,5.593478557061263290e-01,5.024830538575986907e+02,1.081333826721195546e-01,6.341339411599103415e-02
-3.121364932707329398e+00,3.727839839667665522e+00,3.281892522171601101e+00,5.593478557061263290e-01,5.024830538575986907e+02,1.081333826721195546e-01,6.341339411599103415e-02
-3.121364932707329398e+00,3.727839839667665522e+00,3.281892522171601101e+00,5.593478557061263290e-01,5.024830538575986907e+02,1.081333826721195546e-01,6.341339411599103415e-02
-3.121364932707329398e+00,3.727839839667665522e+00,3.281892522171601101e+00,5.593478557061263290e-01,5.024830538575986907e+02,1.081333826721195546e-01,6.341339411599103415e-02
-3.121364932707329398e+00,3.727839839667665522e+00,3.281892522171601101e+00,5.593478557061263290e-01,5.024830538575986907e+02,1.081333826721195546e-01,6.341339411599103415e-02
-3.415427096026853349e+00,2.614783428340541338e+00,3.200712383881299417e+00,3.995839790290774962e-01,5.163339662244725332e+02,2.730666515121528692e-01,5.542649270164320269e-02
-3.121364932707329398e+00,3.727839839667665522e+00,3.281892522171601101e+00,5.593478557061263290e-01,5.024830538575986907e+02,1.081333826721195546e-01,6.341339411599103415e-02
-3.121364932707329398e+00,3.727839839667665522e+00,3.281892522171601101e+00,5.593478557061263290e-01,5.024830538575986907e+02,1.081333826721195546e-01,6.341339411599103415e-02
-2.487887211144752975e+00,2.688904627018271487e+00,3.661168460396658553e+00,5.792954511792953731e-01,4.241170353967629012e+02,2.235225567158269921e-01,4.125921507194242610e-02
-2.487887211144752975e+00,2.688904627018271487e+00,3.661168460396658553e+00,5.792954511792953731e-01,4.241170353967629012e+02,2.235225567158269921e-01,4.125921507194242610e-02
-2.017983978309715098e+00,2.403551457167413474e+00,2.791732184186257015e+00,5.368788997075931713e-01,5.310913139679112192e+02,1.333680044364951023e-01,3.187234336207832308e-02
-2.487887211144752975e+00,2.688904627018271487e+00,3.661168460396658553e+00,5.792954511792953731e-01,4.241170353967629012e+02,2.235225567158269921e-01,4.125921507194242610e-02
-2.487887211144752975e+00,2.688904627018271487e+00,3.661168460396658553e+00,5.792954511792953731e-01,4.241170353967629012e+02,2.235225567158269921e-01,4.125921507194242610e-02
-2.017983978309715098e+00,2.403551457167413474e+00,2.791732184186257015e+00,5.368788997075931713e-01,5.310913139679112192e+02,1.333680044364951023e-01,3.187234336207832308e-02
-2.017983978309715098e+00,2.403551457167413474e+00,2.791732184186257015e+00,5.368788997075931713e-01,5.310913139679112192e+02,1.333680044364951023e-01,3.187234336207832308e-02
-2.017983978309715098e+00,2.403551457167413474e+00,2.791732184186257015e+00,5.368788997075931713e-01,5.310913139679112192e+02,1.333680044364951023e-01,3.187234336207832308e-02
-2.017983978309715098e+00,2.403551457167413474e+00,2.791732184186257015e+00,5.368788997075931713e-01,5.310913139679112192e+02,1.333680044364951023e-01,3.187234336207832308e-02
-2.017983978309715098e+00,2.403551457167413474e+00,2.791732184186257015e+00,5.368788997075931713e-01,5.310913139679112192e+02,1.333680044364951023e-01,3.187234336207832308e-02
-2.487887211144752975e+00,2.688904627018271487e+00,3.661168460396658553e+00,5.792954511792953731e-01,4.241170353967629012e+02,2.235225567158269921e-01,4.125921507194242610e-02
-2.017983978309715098e+00,2.403551457167413474e+00,2.791732184186257015e+00,5.368788997075931713e-01,5.310913139679112192e+02,1.333680044364951023e-01,3.187234336207832308e-02
-2.017983978309715098e+00,2.403551457167413474e+00,2.791732184186257015e+00,5.368788997075931713e-01,5.310913139679112192e+02,1.333680044364951023e-01,3.187234336207832308e-02
-2.487887211144752975e+00,2.688904627018271487e+00,3.661168460396658553e+00,5.792954511792953731e-01,4.241170353967629012e+02,2.235225567158269921e-01,4.125921507194242610e-02
-2.017983978309715098e+00,2.403551457167413474e+00,2.791732184186257015e+00,5.368788997075931713e-01,5.310913139679112192e+02,1.333680044364951023e-01,3.187234336207832308e-02
-2.017983978309715098e+00,2.403551457167413474e+00,2.791732184186257015e+00,5.368788997075931713e-01,5.310913139679112192e+02,1.333680044364951023e-01,3.187234336207832308e-02
-2.017983978309715098e+00,2.403551457167413474e+00,2.791732184186257015e+00,5.368788997075931713e-01,5.310913139679112192e+02,1.333680044364951023e-01,3.187234336207832308e-02
-2.017983978309715098e+00,2.403551457167413474e+00,2.791732184186257015e+00,5.368788997075931713e-01,5.310913139679112192e+02,1.333680044364951023e-01,3.187234336207832308e-02
-2.017983978309715098e+00,2.403551457167413474e+00,2.791732184186257015e+00,5.368788997075931713e-01,5.310913139679112192e+02,1.333680044364951023e-01,3.187234336207832308e-02
-2.017983978309715098e+00,2.403551457167413474e+00,2.791732184186257015e+00,5.368788997075931713e-01,5.310913139679112192e+02,1.333680044364951023e-01,3.187234336207832308e-02
-3.561572058580876110e+00,3.953697715891185460e+00,3.573053156039596168e+00,5.961945310957109667e-01,4.283589663251815978e+02,1.679075107118697674e-01,6.060125109484512662e-02
-3.561572058580876110e+00,3.953697715891185460e+00,3.573053156039596168e+00,5.961945310957109667e-01,4.283589663251815978e+02,1.679075107118697674e-01,6.060125109484512662e-02
-3.561572058580876110e+00,3.953697715891185460e+00,3.573053156039596168e+00,5.961945310957109667e-01,4.283589663251815978e+02,1.679075107118697674e-01,6.060125109484512662e-02
-3.561572058580876110e+00,3.953697715891185460e+00,3.573053156039596168e+00,5.961945310957109667e-01,4.283589663251815978e+02,1.679075107118697674e-01,6.060125109484512662e-02
-3.561572058580876110e+00,3.953697715891185460e+00,3.573053156039596168e+00,5.961945310957109667e-01,4.283589663251815978e+02,1.679075107118697674e-01,6.060125109484512662e-02
-3.561572058580876110e+00,3.953697715891185460e+00,3.573053156039596168e+00,5.961945310957109667e-01,4.283589663251815978e+02,1.679075107118697674e-01,6.060125109484512662e-02
-3.561572058580876110e+00,3.953697715891185460e+00,3.573053156039596168e+00,5.961945310957109667e-01,4.283589663251815978e+02,1.679075107118697674e-01,6.060125109484512662e-02
-3.561572058580876110e+00,3.953697715891185460e+00,3.573053156039596168e+00,5.961945310957109667e-01,4.283589663251815978e+02,1.679075107118697674e-01,6.060125109484512662e-02
-3.561572058580876110e+00,3.953697715891185460e+00,3.573053156039596168e+00,5.961945310957109667e-01,4.283589663251815978e+02,1.679075107118697674e-01,6.060125109484512662e-02
-3.561572058580876110e+00,3.953697715891185460e+00,3.573053156039596168e+00,5.961945310957109667e-01,4.283589663251815978e+02,1.679075107118697674e-01,6.060125109484512662e-02
-3.561572058580876110e+00,3.953697715891185460e+00,3.573053156039596168e+00,5.961945310957109667e-01,4.283589663251815978e+02,1.679075107118697674e-01,6.060125109484512662e-02
-3.561572058580876110e+00,3.953697715891185460e+00,3.573053156039596168e+00,5.961945310957109667e-01,4.283589663251815978e+02,1.679075107118697674e-01,6.060125109484512662e-02
-3.561572058580876110e+00,3.953697715891185460e+00,3.573053156039596168e+00,5.961945310957109667e-01,4.283589663251815978e+02,1.679075107118697674e-01,6.060125109484512662e-02
-3.561572058580876110e+00,3.953697715891185460e+00,3.573053156039596168e+00,5.961945310957109667e-01,4.283589663251815978e+02,1.679075107118697674e-01,6.060125109484512662e-02
-3.561572058580876110e+00,3.953697715891185460e+00,3.573053156039596168e+00,5.961945310957109667e-01,4.283589663251815978e+02,1.679075107118697674e-01,6.060125109484512662e-02
-3.561572058580876110e+00,3.953697715891185460e+00,3.573053156039596168e+00,5.961945310957109667e-01,4.283589663251815978e+02,1.679075107118697674e-01,6.060125109484512662e-02
-3.561572058580876110e+00,3.953697715891185460e+00,3.573053156039596168e+00,5.961945310957109667e-01,4.283589663251815978e+02,1.679075107118697674e-01,6.060125109484512662e-02
-3.561572058580876110e+00,3.953697715891185460e+00,3.573053156039596168e+00,5.961945310957109667e-01,4.283589663251815978e+02,1.679075107118697674e-01,6.060125109484512662e-02
-3.561572058580876110e+00,3.953697715891185460e+00,3.573053156039596168e+00,5.961945310957109667e-01,4.283589663251815978e+02,1.679075107118697674e-01,6.060125109484512662e-02
-3.561572058580876110e+00,3.953697715891185460e+00,3.573053156039596168e+00,5.961945310957109667e-01,4.283589663251815978e+02,1.679075107118697674e-01,6.060125109484512662e-02
-2.761574155700985411e+00,2.994149638800071234e+00,3.955967511459713926e+00,5.299998441395412652e-01,5.061528060064361512e+02,2.749481684028253214e-01,5.773481838355990631e-02
-2.761574155700985411e+00,2.994149638800071234e+00,3.955967511459713926e+00,5.299998441395412652e-01,5.061528060064361512e+02,2.749481684028253214e-01,5.773481838355990631e-02
-2.761574155700985411e+00,2.994149638800071234e+00,3.955967511459713926e+00,5.299998441395412652e-01,5.061528060064361512e+02,2.749481684028253214e-01,5.773481838355990631e-02
-2.761574155700985411e+00,2.994149638800071234e+00,3.955967511459713926e+00,5.299998441395412652e-01,5.061528060064361512e+02,2.749481684028253214e-01,5.773481838355990631e-02
-2.761574155700985411e+00,2.994149638800071234e+00,3.955967511459713926e+00,5.299998441395412652e-01,5.061528060064361512e+02,2.749481684028253214e-01,5.773481838355990631e-02
-2.761574155700985411e+00,2.994149638800071234e+00,3.955967511459713926e+00,5.299998441395412652e-01,5.061528060064361512e+02,2.749481684028253214e-01,5.773481838355990631e-02
-2.761574155700985411e+00,2.994149638800071234e+00,3.955967511459713926e+00,5.299998441395412652e-01,5.061528060064361512e+02,2.749481684028253214e-01,5.773481838355990631e-02
-2.761574155700985411e+00,2.994149638800071234e+00,3.955967511459713926e+00,5.299998441395412652e-01,5.061528060064361512e+02,2.749481684028253214e-01,5.773481838355990631e-02
-2.761574155700985411e+00,2.994149638800071234e+00,3.955967511459713926e+00,5.299998441395412652e-01,5.061528060064361512e+02,2.749481684028253214e-01,5.773481838355990631e-02
-2.761574155700985411e+00,2.994149638800071234e+00,3.955967511459713926e+00,5.299998441395412652e-01,5.061528060064361512e+02,2.749481684028253214e-01,5.773481838355990631e-02
-2.761574155700985411e+00,2.994149638800071234e+00,3.955967511459713926e+00,5.299998441395412652e-01,5.061528060064361512e+02,2.749481684028253214e-01,5.773481838355990631e-02
-2.761574155700985411e+00,2.994149638800071234e+00,3.955967511459713926e+00,5.299998441395412652e-01,5.061528060064361512e+02,2.749481684028253214e-01,5.773481838355990631e-02
-2.761574155700985411e+00,2.994149638800071234e+00,3.955967511459713926e+00,5.299998441395412652e-01,5.061528060064361512e+02,2.749481684028253214e-01,5.773481838355990631e-02
-2.761574155700985411e+00,2.994149638800071234e+00,3.955967511459713926e+00,5.299998441395412652e-01,5.061528060064361512e+02,2.749481684028253214e-01,5.773481838355990631e-02
-2.761574155700985411e+00,2.994149638800071234e+00,3.955967511459713926e+00,5.299998441395412652e-01,5.061528060064361512e+02,2.749481684028253214e-01,5.773481838355990631e-02
-2.761574155700985411e+00,2.994149638800071234e+00,3.955967511459713926e+00,5.299998441395412652e-01,5.061528060064361512e+02,2.749481684028253214e-01,5.773481838355990631e-02
-2.761574155700985411e+00,2.994149638800071234e+00,3.955967511459713926e+00,5.299998441395412652e-01,5.061528060064361512e+02,2.749481684028253214e-01,5.773481838355990631e-02
-2.761574155700985411e+00,2.994149638800071234e+00,3.955967511459713926e+00,5.299998441395412652e-01,5.061528060064361512e+02,2.749481684028253214e-01,5.773481838355990631e-02
-2.761574155700985411e+00,2.994149638800071234e+00,3.955967511459713926e+00,5.299998441395412652e-01,5.061528060064361512e+02,2.749481684028253214e-01,5.773481838355990631e-02
-2.761574155700985411e+00,2.994149638800071234e+00,3.955967511459713926e+00,5.299998441395412652e-01,5.061528060064361512e+02,2.749481684028253214e-01,5.773481838355990631e-02
-1.232428604745340994e+00,3.968012708314968329e+00,3.417120469848074826e+00,2.868095124231285764e-01,4.806885944270289883e+02,1.497027193538233714e-01,6.192220987512032926e-02
-1.232428604745340994e+00,3.968012708314968329e+00,3.417120469848074826e+00,2.868095124231285764e-01,4.806885944270289883e+02,1.497027193538233714e-01,6.192220987512032926e-02
-1.232428604745340994e+00,3.968012708314968329e+00,3.417120469848074826e+00,2.868095124231285764e-01,4.806885944270289883e+02,1.497027193538233714e-01,6.192220987512032926e-02
-1.232428604745340994e+00,3.968012708314968329e+00,3.417120469848074826e+00,2.868095124231285764e-01,4.806885944270289883e+02,1.497027193538233714e-01,6.192220987512032926e-02
-2.761574155700985411e+00,2.994149638800071234e+00,3.955967511459713926e+00,5.299998441395412652e-01,5.061528060064361512e+02,2.749481684028253214e-01,5.773481838355990631e-02
-1.232428604745340994e+00,3.968012708314968329e+00,3.417120469848074826e+00,2.868095124231285764e-01,4.806885944270289883e+02,1.497027193538233714e-01,6.192220987512032926e-02
-1.232428604745340994e+00,3.968012708314968329e+00,3.417120469848074826e+00,2.868095124231285764e-01,4.806885944270289883e+02,1.497027193538233714e-01,6.192220987512032926e-02
-1.232428604745340994e+00,3.968012708314968329e+00,3.417120469848074826e+00,2.868095124231285764e-01,4.806885944270289883e+02,1.497027193538233714e-01,6.192220987512032926e-02
-1.232428604745340994e+00,3.968012708314968329e+00,3.417120469848074826e+00,2.868095124231285764e-01,4.806885944270289883e+02,1.497027193538233714e-01,6.192220987512032926e-02
-1.232428604745340994e+00,3.968012708314968329e+00,3.417120469848074826e+00,2.868095124231285764e-01,4.806885944270289883e+02,1.497027193538233714e-01,6.192220987512032926e-02
-1.232428604745340994e+00,3.968012708314968329e+00,3.417120469848074826e+00,2.868095124231285764e-01,4.806885944270289883e+02,1.497027193538233714e-01,6.192220987512032926e-02
-1.232428604745340994e+00,3.968012708314968329e+00,3.417120469848074826e+00,2.868095124231285764e-01,4.806885944270289883e+02,1.497027193538233714e-01,6.192220987512032926e-02
-1.232428604745340994e+00,3.968012708314968329e+00,3.417120469848074826e+00,2.868095124231285764e-01,4.806885944270289883e+02,1.497027193538233714e-01,6.192220987512032926e-02
-1.232428604745340994e+00,3.968012708314968329e+00,3.417120469848074826e+00,2.868095124231285764e-01,4.806885944270289883e+02,1.497027193538233714e-01,6.192220987512032926e-02
-1.232428604745340994e+00,3.968012708314968329e+00,3.417120469848074826e+00,2.868095124231285764e-01,4.806885944270289883e+02,1.497027193538233714e-01,6.192220987512032926e-02
-1.232428604745340994e+00,3.968012708314968329e+00,3.417120469848074826e+00,2.868095124231285764e-01,4.806885944270289883e+02,1.497027193538233714e-01,6.192220987512032926e-02
-1.232428604745340994e+00,3.968012708314968329e+00,3.417120469848074826e+00,2.868095124231285764e-01,4.806885944270289883e+02,1.497027193538233714e-01,6.192220987512032926e-02
-1.232428604745340994e+00,3.968012708314968329e+00,3.417120469848074826e+00,2.868095124231285764e-01,4.806885944270289883e+02,1.497027193538233714e-01,6.192220987512032926e-02
-1.232428604745340994e+00,3.968012708314968329e+00,3.417120469848074826e+00,2.868095124231285764e-01,4.806885944270289883e+02,1.497027193538233714e-01,6.192220987512032926e-02
-1.232428604745340994e+00,3.968012708314968329e+00,3.417120469848074826e+00,2.868095124231285764e-01,4.806885944270289883e+02,1.497027193538233714e-01,6.192220987512032926e-02
-2.761574155700985411e+00,2.994149638800071234e+00,3.955967511459713926e+00,5.299998441395412652e-01,5.061528060064361512e+02,2.749481684028253214e-01,5.773481838355990631e-02
-2.761574155700985411e+00,2.994149638800071234e+00,3.955967511459713926e+00,5.299998441395412652e-01,5.061528060064361512e+02,2.749481684028253214e-01,5.773481838355990631e-02
-2.761574155700985411e+00,2.994149638800071234e+00,3.955967511459713926e+00,5.299998441395412652e-01,5.061528060064361512e+02,2.749481684028253214e-01,5.773481838355990631e-02
-2.761574155700985411e+00,2.994149638800071234e+00,3.955967511459713926e+00,5.299998441395412652e-01,5.061528060064361512e+02,2.749481684028253214e-01,5.773481838355990631e-02
-2.761574155700985411e+00,2.994149638800071234e+00,3.955967511459713926e+00,5.299998441395412652e-01,5.061528060064361512e+02,2.749481684028253214e-01,5.773481838355990631e-02
-2.761574155700985411e+00,2.994149638800071234e+00,3.955967511459713926e+00,5.299998441395412652e-01,5.061528060064361512e+02,2.749481684028253214e-01,5.773481838355990631e-02
-2.761574155700985411e+00,2.994149638800071234e+00,3.955967511459713926e+00,5.299998441395412652e-01,5.061528060064361512e+02,2.749481684028253214e-01,5.773481838355990631e-02
-2.761574155700985411e+00,2.994149638800071234e+00,3.955967511459713926e+00,5.299998441395412652e-01,5.061528060064361512e+02,2.749481684028253214e-01,5.773481838355990631e-02
-2.761574155700985411e+00,2.994149638800071234e+00,3.955967511459713926e+00,5.299998441395412652e-01,5.061528060064361512e+02,2.749481684028253214e-01,5.773481838355990631e-02
-2.761574155700985411e+00,2.994149638800071234e+00,3.955967511459713926e+00,5.299998441395412652e-01,5.061528060064361512e+02,2.749481684028253214e-01,5.773481838355990631e-02
-2.761574155700985411e+00,2.994149638800071234e+00,3.955967511459713926e+00,5.299998441395412652e-01,5.061528060064361512e+02,2.749481684028253214e-01,5.773481838355990631e-02
-2.761574155700985411e+00,2.994149638800071234e+00,3.955967511459713926e+00,5.299998441395412652e-01,5.061528060064361512e+02,2.749481684028253214e-01,5.773481838355990631e-02
-2.761574155700985411e+00,2.994149638800071234e+00,3.955967511459713926e+00,5.299998441395412652e-01,5.061528060064361512e+02,2.749481684028253214e-01,5.773481838355990631e-02
-2.761574155700985411e+00,2.994149638800071234e+00,3.955967511459713926e+00,5.299998441395412652e-01,5.061528060064361512e+02,2.749481684028253214e-01,5.773481838355990631e-02
-2.761574155700985411e+00,2.994149638800071234e+00,3.955967511459713926e+00,5.299998441395412652e-01,5.061528060064361512e+02,2.749481684028253214e-01,5.773481838355990631e-02
-2.761574155700985411e+00,2.994149638800071234e+00,3.955967511459713926e+00,5.299998441395412652e-01,5.061528060064361512e+02,2.749481684028253214e-01,5.773481838355990631e-02
-2.761574155700985411e+00,2.994149638800071234e+00,3.955967511459713926e+00,5.299998441395412652e-01,5.061528060064361512e+02,2.749481684028253214e-01,5.773481838355990631e-02
-2.761574155700985411e+00,2.994149638800071234e+00,3.955967511459713926e+00,5.299998441395412652e-01,5.061528060064361512e+02,2.749481684028253214e-01,5.773481838355990631e-02
-2.761574155700985411e+00,2.994149638800071234e+00,3.955967511459713926e+00,5.299998441395412652e-01,5.061528060064361512e+02,2.749481684028253214e-01,5.773481838355990631e-02
-2.761574155700985411e+00,2.994149638800071234e+00,3.955967511459713926e+00,5.299998441395412652e-01,5.061528060064361512e+02,2.749481684028253214e-01,5.773481838355990631e-02
0.000000000000000000e+00,0.000000000000000000e+00,0.000000000000000000e+00,0.000000000000000000e+00,0.000000000000000000e+00,0.000000000000000000e+00,0.000000000000000000e+00
0.000000000000000000e+00,0.000000000000000000e+00,0.000000000000000000e+00,0.000000000000000000e+00,0.000000000000000000e+00,0.000000000000000000e+00,0.000000000000000000e+00
0.000000000000000000e+00,0.000000000000000000e+00,0.000000000000000000e+00,0.000000000000000000e+00,0.000000000000000000e+00,0.000000000000000000e+00,0.000000000000000000e+00
0.000000000000000000e+00,0.000000000000000000e+00,0.000000000000000000e+00,0.000000000000000000e+00,0.000000000000000000e+00,0.000000000000000000e+00,0.000000000000000000e+00
0.000000000000000000e+00,0.000000000000000000e+00,0.000000000000000000e+00,0.000000000000000000e+00,0.000000000000000000e+00,0.000000000000000000e+00,0.000000000000000000e+00
0.000000000000000000e+00,0.000000000000000000e+00,0.000000000000000000e+00,0.000000000000000000e+00,0.000000000000000000e+00,0.000000000000000000e+00,0.000000000000000000e+00
0.000000000000000000e+00,0.000000000000000000e+00,0.000000000000000000e+00,0.000000000000000000e+00,0.000000000000000000e+00,0.000000000000000000e+00,0.000000000000000000e+00
0.000000000000000000e+00,0.000000000000000000e+00,0.000000000000000000e+00,0.000000000000000000e+00,0.000000000000000000e+00,0.000000000000000000e+00,0.000000000000000000e+00
0.000000000000000000e+00,0.000000000000000000e+00,0.000000000000000000e+00,0.000000000000000000e+00,0.000000000000000000e+00,0.000000000000000000e+00,0.000000000000000000e+00
0.000000000000000000e+00,0.000000000000000000e+00,0.000000000000000000e+00,0.000000000000000000e+00,0.000000000000000000e+00,0.000000000000000000e+00,0.000000000000000000e+00
